(0.000) 
            SELECT name, type FROM sqlite_master
            WHERE type in ('table', 'view') AND NOT name='sqlite_sequence'
            ORDER BY name; args=None
(0.000) SELECT "django_migrations"."app", "django_migrations"."name" FROM "django_migrations"; args=()
(0.000) SELECT "django_session"."session_key", "django_session"."session_data", "django_session"."expire_date" FROM "django_session" WHERE ("django_session"."expire_date" > '2019-04-09 03:01:16.642165' AND "django_session"."session_key" = '8udxo482nx1hmkpzphntsbvdrcgoyy09'); args=('2019-04-09 03:01:16.642165', '8udxo482nx1hmkpzphntsbvdrcgoyy09')
(0.000) SELECT "auth_user"."id", "auth_user"."password", "auth_user"."last_login", "auth_user"."is_superuser", "auth_user"."username", "auth_user"."first_name", "auth_user"."last_name", "auth_user"."email", "auth_user"."is_staff", "auth_user"."is_active", "auth_user"."date_joined" FROM "auth_user" WHERE "auth_user"."id" = 1; args=(1,)
(0.000) SELECT "django_admin_log"."id", "django_admin_log"."action_time", "django_admin_log"."user_id", "django_admin_log"."content_type_id", "django_admin_log"."object_id", "django_admin_log"."object_repr", "django_admin_log"."action_flag", "django_admin_log"."change_message", "auth_user"."id", "auth_user"."password", "auth_user"."last_login", "auth_user"."is_superuser", "auth_user"."username", "auth_user"."first_name", "auth_user"."last_name", "auth_user"."email", "auth_user"."is_staff", "auth_user"."is_active", "auth_user"."date_joined", "django_content_type"."id", "django_content_type"."app_label", "django_content_type"."model" FROM "django_admin_log" INNER JOIN "auth_user" ON ("django_admin_log"."user_id" = "auth_user"."id") LEFT OUTER JOIN "django_content_type" ON ("django_admin_log"."content_type_id" = "django_content_type"."id") WHERE "django_admin_log"."user_id" = 1 ORDER BY "django_admin_log"."action_time" DESC  LIMIT 10; args=(1,)
(0.000) SELECT "django_session"."session_key", "django_session"."session_data", "django_session"."expire_date" FROM "django_session" WHERE ("django_session"."expire_date" > '2019-04-09 03:01:30.516740' AND "django_session"."session_key" = '8udxo482nx1hmkpzphntsbvdrcgoyy09'); args=('2019-04-09 03:01:30.516740', '8udxo482nx1hmkpzphntsbvdrcgoyy09')
(0.000) SELECT "auth_user"."id", "auth_user"."password", "auth_user"."last_login", "auth_user"."is_superuser", "auth_user"."username", "auth_user"."first_name", "auth_user"."last_name", "auth_user"."email", "auth_user"."is_staff", "auth_user"."is_active", "auth_user"."date_joined" FROM "auth_user" WHERE "auth_user"."id" = 1; args=(1,)
(0.000) SELECT "blog_tag"."id", "blog_tag"."name" FROM "blog_tag" ORDER BY "blog_tag"."id" DESC; args=()
(0.000) SELECT COUNT(*) AS "__count" FROM "blog_post"; args=()
(0.000) SELECT COUNT(*) AS "__count" FROM "blog_post"; args=()
(0.000) SELECT "blog_post"."id", "blog_post"."author_id", "blog_post"."title", "blog_post"."content", "blog_post"."created_at", "blog_post"."updated_at", "auth_user"."id", "auth_user"."password", "auth_user"."last_login", "auth_user"."is_superuser", "auth_user"."username", "auth_user"."first_name", "auth_user"."last_name", "auth_user"."email", "auth_user"."is_staff", "auth_user"."is_active", "auth_user"."date_joined" FROM "blog_post" INNER JOIN "auth_user" ON ("blog_post"."author_id" = "auth_user"."id") ORDER BY "blog_post"."id" DESC; args=()
(0.000) SELECT "blog_tag"."id", "blog_tag"."name" FROM "blog_tag" INNER JOIN "blog_post_tags" ON ("blog_tag"."id" = "blog_post_tags"."tag_id") WHERE "blog_post_tags"."post_id" = 4 ORDER BY "blog_tag"."id" DESC; args=(4,)
(0.000) SELECT "blog_tag"."id", "blog_tag"."name" FROM "blog_tag" INNER JOIN "blog_post_tags" ON ("blog_tag"."id" = "blog_post_tags"."tag_id") WHERE "blog_post_tags"."post_id" = 3 ORDER BY "blog_tag"."id" DESC; args=(3,)
(0.000) SELECT "blog_tag"."id", "blog_tag"."name" FROM "blog_tag" INNER JOIN "blog_post_tags" ON ("blog_tag"."id" = "blog_post_tags"."tag_id") WHERE "blog_post_tags"."post_id" = 2 ORDER BY "blog_tag"."id" DESC; args=(2,)
(0.000) SELECT "blog_tag"."id", "blog_tag"."name" FROM "blog_tag" INNER JOIN "blog_post_tags" ON ("blog_tag"."id" = "blog_post_tags"."tag_id") WHERE "blog_post_tags"."post_id" = 1 ORDER BY "blog_tag"."id" DESC; args=(1,)
(0.000) SELECT "django_session"."session_key", "django_session"."session_data", "django_session"."expire_date" FROM "django_session" WHERE ("django_session"."expire_date" > '2019-04-09 03:01:30.876103' AND "django_session"."session_key" = '8udxo482nx1hmkpzphntsbvdrcgoyy09'); args=('2019-04-09 03:01:30.876103', '8udxo482nx1hmkpzphntsbvdrcgoyy09')
(0.000) SELECT "auth_user"."id", "auth_user"."password", "auth_user"."last_login", "auth_user"."is_superuser", "auth_user"."username", "auth_user"."first_name", "auth_user"."last_name", "auth_user"."email", "auth_user"."is_staff", "auth_user"."is_active", "auth_user"."date_joined" FROM "auth_user" WHERE "auth_user"."id" = 1; args=(1,)
(0.000) SELECT "django_session"."session_key", "django_session"."session_data", "django_session"."expire_date" FROM "django_session" WHERE ("django_session"."expire_date" > '2019-04-09 03:01:35.248017' AND "django_session"."session_key" = '8udxo482nx1hmkpzphntsbvdrcgoyy09'); args=('2019-04-09 03:01:35.248017', '8udxo482nx1hmkpzphntsbvdrcgoyy09')
(0.000) SELECT "auth_user"."id", "auth_user"."password", "auth_user"."last_login", "auth_user"."is_superuser", "auth_user"."username", "auth_user"."first_name", "auth_user"."last_name", "auth_user"."email", "auth_user"."is_staff", "auth_user"."is_active", "auth_user"."date_joined" FROM "auth_user" WHERE "auth_user"."id" = 1; args=(1,)
(0.000) BEGIN; args=None
(0.000) SELECT "blog_post"."id", "blog_post"."author_id", "blog_post"."title", "blog_post"."content", "blog_post"."created_at", "blog_post"."updated_at" FROM "blog_post" WHERE "blog_post"."id" = 4; args=(4,)
(0.000) SELECT "blog_tag"."id", "blog_tag"."name" FROM "blog_tag" INNER JOIN "blog_post_tags" ON ("blog_tag"."id" = "blog_post_tags"."tag_id") WHERE "blog_post_tags"."post_id" = 4 ORDER BY "blog_tag"."id" DESC; args=(4,)
(0.000) SELECT "django_content_type"."id", "django_content_type"."app_label", "django_content_type"."model" FROM "django_content_type" WHERE ("django_content_type"."app_label" = 'blog' AND "django_content_type"."model" = 'post'); args=('blog', 'post')
(0.000) SELECT "auth_user"."id", "auth_user"."password", "auth_user"."last_login", "auth_user"."is_superuser", "auth_user"."username", "auth_user"."first_name", "auth_user"."last_name", "auth_user"."email", "auth_user"."is_staff", "auth_user"."is_active", "auth_user"."date_joined" FROM "auth_user" ORDER BY "auth_user"."username" ASC; args=()
(0.000) SELECT "blog_tag"."id", "blog_tag"."name" FROM "blog_tag" ORDER BY "blog_tag"."id" DESC; args=()
(0.000) SELECT "django_session"."session_key", "django_session"."session_data", "django_session"."expire_date" FROM "django_session" WHERE ("django_session"."expire_date" > '2019-04-09 03:01:35.560507' AND "django_session"."session_key" = '8udxo482nx1hmkpzphntsbvdrcgoyy09'); args=('2019-04-09 03:01:35.560507', '8udxo482nx1hmkpzphntsbvdrcgoyy09')
(0.000) SELECT "auth_user"."id", "auth_user"."password", "auth_user"."last_login", "auth_user"."is_superuser", "auth_user"."username", "auth_user"."first_name", "auth_user"."last_name", "auth_user"."email", "auth_user"."is_staff", "auth_user"."is_active", "auth_user"."date_joined" FROM "auth_user" WHERE "auth_user"."id" = 1; args=(1,)
